2025-10-08 10:56:40 INFO  [main] c.c.r.RewardServiceApplication - Starting RewardServiceApplication using Java 21.0.6 with PID 25196 (C:\Users\jatha\Projects\CosmaCare\reward-service\target\classes started by jatha in C:\Users\jatha\Projects\CosmaCare\reward-service)
2025-10-08 10:56:40 DEBUG [main] c.c.r.RewardServiceApplication - Running with Spring Boot v3.5.6, Spring v6.2.11
2025-10-08 10:56:40 INFO  [main] c.c.r.RewardServiceApplication - No active profile set, falling back to 1 default profile: "default"
2025-10-08 10:56:41 INFO  [main] o.s.d.r.c.RepositoryConfigurationDelegate - Bootstrapping Spring Data MongoDB repositories in DEFAULT mode.
2025-10-08 10:56:42 INFO  [main] o.s.d.r.c.RepositoryConfigurationDelegate - Finished Spring Data repository scanning in 150 ms. Found 1 MongoDB repository interface.
2025-10-08 10:56:42 INFO  [main] o.s.cloud.context.scope.GenericScope - BeanFactory id=fb75bdba-2ec6-3511-a041-ac7e8c34c284
2025-10-08 10:56:42 INFO  [main] o.s.b.w.e.tomcat.TomcatWebServer - Tomcat initialized with port 8083 (http)
2025-10-08 10:56:42 INFO  [main] o.a.catalina.core.StandardService - Starting service [Tomcat]
2025-10-08 10:56:42 INFO  [main] o.a.catalina.core.StandardEngine - Starting Servlet engine: [Apache Tomcat/10.1.46]
2025-10-08 10:56:42 INFO  [main] o.a.c.c.C.[Tomcat].[localhost].[/] - Initializing Spring embedded WebApplicationContext
2025-10-08 10:56:42 INFO  [main] o.s.b.w.s.c.ServletWebServerApplicationContext - Root WebApplicationContext: initialization completed in 2278 ms
2025-10-08 10:56:43 INFO  [main] org.mongodb.driver.client - MongoClient with metadata {"driver": {"name": "mongo-java-driver|sync|spring-boot", "version": "5.5.1"}, "os": {"type": "Windows", "name": "Windows 11", "architecture": "amd64", "version": "10.0"}, "platform": "Java/Oracle Corporation/21.0.6+8-LTS-188"} created with settings MongoClientSettings{readPreference=primary, writeConcern=WriteConcern{w=null, wTimeout=null ms, journal=null}, retryWrites=true, retryReads=true, readConcern=ReadConcern{level=null}, credential=MongoCredential{mechanism=null, userName='rewardadmin', source='admin', password=<hidden>, mechanismProperties=<hidden>}, transportSettings=null, commandListeners=[io.micrometer.core.instrument.binder.mongodb.MongoMetricsCommandListener@6febec41], codecRegistry=ProvidersCodecRegistry{codecProviders=[ValueCodecProvider{}, BsonValueCodecProvider{}, DBRefCodecProvider{}, DBObjectCodecProvider{}, DocumentCodecProvider{}, CollectionCodecProvider{}, IterableCodecProvider{}, MapCodecProvider{}, GeoJsonCodecProvider{}, GridFSFileCodecProvider{}, Jsr310CodecProvider{}, JsonObjectCodecProvider{}, BsonCodecProvider{}, EnumCodecProvider{}, com.mongodb.client.model.mql.ExpressionCodecProvider@3de88f64, com.mongodb.Jep395RecordCodecProvider@4e8afdad, com.mongodb.KotlinCodecProvider@79b8ecb]}, loggerSettings=LoggerSettings{maxDocumentLength=1000}, clusterSettings={hosts=[localhost:27018], srvServiceName=mongodb, mode=SINGLE, requiredClusterType=UNKNOWN, requiredReplicaSetName='null', serverSelector='null', clusterListeners='[]', serverSelectionTimeout='30000 ms', localThreshold='15 ms'}, socketSettings=SocketSettings{connectTimeoutMS=10000, readTimeoutMS=0, receiveBufferSize=0, proxySettings=ProxySettings{host=null, port=null, username=null, password=null}}, heartbeatSocketSettings=SocketSettings{connectTimeoutMS=10000, readTimeoutMS=10000, receiveBufferSize=0, proxySettings=ProxySettings{host=null, port=null, username=null, password=null}}, connectionPoolSettings=ConnectionPoolSettings{maxSize=100, minSize=0, maxWaitTimeMS=120000, maxConnectionLifeTimeMS=0, maxConnectionIdleTimeMS=0, maintenanceInitialDelayMS=0, maintenanceFrequencyMS=60000, connectionPoolListeners=[io.micrometer.core.instrument.binder.mongodb.MongoMetricsConnectionPoolListener@3722f39d], maxConnecting=2}, serverSettings=ServerSettings{heartbeatFrequencyMS=10000, minHeartbeatFrequencyMS=500, serverMonitoringMode=AUTO, serverListeners='[]', serverMonitorListeners='[]'}, sslSettings=SslSettings{enabled=false, invalidHostNameAllowed=false, context=null}, applicationName='null', compressorList=[], uuidRepresentation=JAVA_LEGACY, serverApi=null, autoEncryptionSettings=null, dnsClient=null, inetAddressResolver=null, contextProvider=null, timeoutMS=null}
2025-10-08 10:56:43 INFO  [cluster-ClusterId{value='68e5f613fe2ccf436dfde06c', description='null'}-localhost:27018] org.mongodb.driver.cluster - Monitor thread successfully connected to server with description ServerDescription{address=localhost:27018, type=STANDALONE, cryptd=false, state=CONNECTED, ok=true, minWireVersion=0, maxWireVersion=21, maxDocumentSize=16777216, logicalSessionTimeoutMinutes=30, roundTripTimeNanos=31782800, minRoundTripTimeNanos=0}
2025-10-08 10:56:44 INFO  [main] o.s.v.b.OptionalValidatorFactoryBean - Failed to set up a Bean Validation provider: jakarta.validation.NoProviderFoundException: Unable to create a Configuration, because no Jakarta Bean Validation provider could be found. Add a provider like Hibernate Validator (RI) to your classpath.
2025-10-08 10:56:45 INFO  [main] o.s.c.n.e.c.DiscoveryClientOptionalArgsConfiguration - Eureka HTTP Client uses RestTemplate.
2025-10-08 10:56:45 WARN  [main] o.s.c.l.c.LoadBalancerCacheAutoConfiguration$LoadBalancerCaffeineWarnLogger - Spring Cloud LoadBalancer is currently working with the default cache. While this cache implementation is useful for development and tests, it's recommended to use Caffeine cache in production.You can switch to using Caffeine cache, by adding it and org.springframework.cache.caffeine.CaffeineCacheManager to the classpath.
2025-10-08 10:56:45 INFO  [main] o.s.b.a.e.web.EndpointLinksResolver - Exposing 18 endpoints beneath base path '/actuator'
2025-10-08 10:56:45 INFO  [main] o.s.c.n.eureka.InstanceInfoFactory - Setting initial instance status as: STARTING
2025-10-08 10:56:45 INFO  [main] c.netflix.discovery.DiscoveryClient - Initializing Eureka in region us-east-1
2025-10-08 10:56:45 INFO  [main] c.n.d.s.r.aws.ConfigClusterResolver - Resolving eureka endpoints via configuration
2025-10-08 10:56:45 INFO  [main] c.netflix.discovery.DiscoveryClient - Disable delta property : false
2025-10-08 10:56:45 INFO  [main] c.netflix.discovery.DiscoveryClient - Single vip registry refresh property : null
2025-10-08 10:56:45 INFO  [main] c.netflix.discovery.DiscoveryClient - Force full registry fetch : false
2025-10-08 10:56:45 INFO  [main] c.netflix.discovery.DiscoveryClient - Application is null : false
2025-10-08 10:56:45 INFO  [main] c.netflix.discovery.DiscoveryClient - Registered Applications size is zero : true
2025-10-08 10:56:45 INFO  [main] c.netflix.discovery.DiscoveryClient - Application version is -1: true
2025-10-08 10:56:45 INFO  [main] c.netflix.discovery.DiscoveryClient - Getting all instance registry info from the eureka server
2025-10-08 10:56:45 INFO  [main] c.netflix.discovery.DiscoveryClient - The response status is 200
2025-10-08 10:56:45 INFO  [main] c.netflix.discovery.DiscoveryClient - Starting heartbeat executor: renew interval is: 30
2025-10-08 10:56:45 INFO  [main] c.n.discovery.InstanceInfoReplicator - InstanceInfoReplicator onDemand update allowed rate per min is 4
2025-10-08 10:56:45 INFO  [main] c.netflix.discovery.DiscoveryClient - Discovery Client initialized at timestamp 1759901205690 with initial instances count: 6
2025-10-08 10:56:45 INFO  [main] o.s.c.n.e.s.EurekaServiceRegistry - Registering application REWARD-SERVICE with eureka with status UP
2025-10-08 10:56:45 INFO  [main] c.netflix.discovery.DiscoveryClient - Saw local status change event StatusChangeEvent [timestamp=1759901205694, current=UP, previous=STARTING]
2025-10-08 10:56:45 INFO  [DiscoveryClient-InstanceInfoReplicator-%d] c.netflix.discovery.DiscoveryClient - DiscoveryClient_REWARD-SERVICE/reward-service:8083: registering service...
2025-10-08 10:56:45 INFO  [main] o.s.b.w.e.tomcat.TomcatWebServer - Tomcat started on port 8083 (http) with context path '/'
2025-10-08 10:56:45 INFO  [main] o.s.c.n.e.s.EurekaAutoServiceRegistration - Updating port to 8083
2025-10-08 10:56:45 INFO  [main] c.c.r.RewardServiceApplication - Started RewardServiceApplication in 6.108 seconds (process running for 6.86)
2025-10-08 10:56:45 INFO  [DiscoveryClient-InstanceInfoReplicator-%d] c.netflix.discovery.DiscoveryClient - DiscoveryClient_REWARD-SERVICE/reward-service:8083 - registration status: 204
2025-10-08 10:56:57 INFO  [http-nio-8083-exec-1] o.a.c.c.C.[Tomcat].[localhost].[/] - Initializing Spring DispatcherServlet 'dispatcherServlet'
2025-10-08 10:56:57 INFO  [http-nio-8083-exec-1] o.s.web.servlet.DispatcherServlet - Initializing Servlet 'dispatcherServlet'
2025-10-08 10:56:57 INFO  [http-nio-8083-exec-1] o.s.web.servlet.DispatcherServlet - Completed initialization in 2 ms
2025-10-08 11:01:45 INFO  [AsyncResolver-bootstrap-executor-%d] c.n.d.s.r.aws.ConfigClusterResolver - Resolving eureka endpoints via configuration
2025-10-08 11:06:45 INFO  [AsyncResolver-bootstrap-executor-%d] c.n.d.s.r.aws.ConfigClusterResolver - Resolving eureka endpoints via configuration
2025-10-08 11:10:06 INFO  [SpringApplicationShutdownHook] o.s.c.n.e.s.EurekaServiceRegistry - Unregistering application REWARD-SERVICE with eureka with status DOWN
2025-10-08 11:10:06 INFO  [SpringApplicationShutdownHook] c.netflix.discovery.DiscoveryClient - Saw local status change event StatusChangeEvent [timestamp=1759902006008, current=DOWN, previous=UP]
2025-10-08 11:10:06 INFO  [DiscoveryClient-InstanceInfoReplicator-%d] c.netflix.discovery.DiscoveryClient - DiscoveryClient_REWARD-SERVICE/reward-service:8083: registering service...
2025-10-08 11:10:06 INFO  [SpringApplicationShutdownHook] o.s.b.w.e.tomcat.GracefulShutdown - Commencing graceful shutdown. Waiting for active requests to complete
2025-10-08 11:10:06 INFO  [tomcat-shutdown] o.s.b.w.e.tomcat.GracefulShutdown - Graceful shutdown complete
2025-10-08 11:10:06 INFO  [DiscoveryClient-InstanceInfoReplicator-%d] c.netflix.discovery.DiscoveryClient - DiscoveryClient_REWARD-SERVICE/reward-service:8083 - registration status: 204
2025-10-08 11:10:06 INFO  [SpringApplicationShutdownHook] c.netflix.discovery.DiscoveryClient - Shutting down DiscoveryClient ...
2025-10-08 11:10:09 INFO  [SpringApplicationShutdownHook] c.netflix.discovery.DiscoveryClient - Unregistering ...
2025-10-08 11:10:09 INFO  [SpringApplicationShutdownHook] c.netflix.discovery.DiscoveryClient - DiscoveryClient_REWARD-SERVICE/reward-service:8083 - deregister  status: 200
2025-10-08 11:10:09 INFO  [SpringApplicationShutdownHook] c.netflix.discovery.DiscoveryClient - Completed shut down of DiscoveryClient
2025-10-08 11:10:14 INFO  [main] c.c.r.RewardServiceApplication - Starting RewardServiceApplication using Java 21.0.6 with PID 24132 (C:\Users\jatha\Projects\CosmaCare\reward-service\target\classes started by jatha in C:\Users\jatha\Projects\CosmaCare\reward-service)
2025-10-08 11:10:14 DEBUG [main] c.c.r.RewardServiceApplication - Running with Spring Boot v3.5.6, Spring v6.2.11
2025-10-08 11:10:14 INFO  [main] c.c.r.RewardServiceApplication - No active profile set, falling back to 1 default profile: "default"
2025-10-08 11:10:15 INFO  [main] o.s.d.r.c.RepositoryConfigurationDelegate - Bootstrapping Spring Data MongoDB repositories in DEFAULT mode.
2025-10-08 11:10:15 INFO  [main] o.s.d.r.c.RepositoryConfigurationDelegate - Finished Spring Data repository scanning in 148 ms. Found 1 MongoDB repository interface.
2025-10-08 11:10:16 INFO  [main] o.s.cloud.context.scope.GenericScope - BeanFactory id=fb75bdba-2ec6-3511-a041-ac7e8c34c284
2025-10-08 11:10:16 INFO  [main] o.s.b.w.e.tomcat.TomcatWebServer - Tomcat initialized with port 8083 (http)
2025-10-08 11:10:16 INFO  [main] o.a.catalina.core.StandardService - Starting service [Tomcat]
2025-10-08 11:10:16 INFO  [main] o.a.catalina.core.StandardEngine - Starting Servlet engine: [Apache Tomcat/10.1.46]
2025-10-08 11:10:17 INFO  [main] o.a.c.c.C.[Tomcat].[localhost].[/] - Initializing Spring embedded WebApplicationContext
2025-10-08 11:10:17 INFO  [main] o.s.b.w.s.c.ServletWebServerApplicationContext - Root WebApplicationContext: initialization completed in 2688 ms
2025-10-08 11:10:17 INFO  [main] org.mongodb.driver.client - MongoClient with metadata {"driver": {"name": "mongo-java-driver|sync|spring-boot", "version": "5.5.1"}, "os": {"type": "Windows", "name": "Windows 11", "architecture": "amd64", "version": "10.0"}, "platform": "Java/Oracle Corporation/21.0.6+8-LTS-188"} created with settings MongoClientSettings{readPreference=primary, writeConcern=WriteConcern{w=null, wTimeout=null ms, journal=null}, retryWrites=true, retryReads=true, readConcern=ReadConcern{level=null}, credential=MongoCredential{mechanism=null, userName='rewardadmin', source='admin', password=<hidden>, mechanismProperties=<hidden>}, transportSettings=null, commandListeners=[io.micrometer.core.instrument.binder.mongodb.MongoMetricsCommandListener@26270b77], codecRegistry=ProvidersCodecRegistry{codecProviders=[ValueCodecProvider{}, BsonValueCodecProvider{}, DBRefCodecProvider{}, DBObjectCodecProvider{}, DocumentCodecProvider{}, CollectionCodecProvider{}, IterableCodecProvider{}, MapCodecProvider{}, GeoJsonCodecProvider{}, GridFSFileCodecProvider{}, Jsr310CodecProvider{}, JsonObjectCodecProvider{}, BsonCodecProvider{}, EnumCodecProvider{}, com.mongodb.client.model.mql.ExpressionCodecProvider@b808af5, com.mongodb.Jep395RecordCodecProvider@18b04526, com.mongodb.KotlinCodecProvider@2fd4312a]}, loggerSettings=LoggerSettings{maxDocumentLength=1000}, clusterSettings={hosts=[localhost:27018], srvServiceName=mongodb, mode=SINGLE, requiredClusterType=UNKNOWN, requiredReplicaSetName='null', serverSelector='null', clusterListeners='[]', serverSelectionTimeout='30000 ms', localThreshold='15 ms'}, socketSettings=SocketSettings{connectTimeoutMS=10000, readTimeoutMS=0, receiveBufferSize=0, proxySettings=ProxySettings{host=null, port=null, username=null, password=null}}, heartbeatSocketSettings=SocketSettings{connectTimeoutMS=10000, readTimeoutMS=10000, receiveBufferSize=0, proxySettings=ProxySettings{host=null, port=null, username=null, password=null}}, connectionPoolSettings=ConnectionPoolSettings{maxSize=100, minSize=0, maxWaitTimeMS=120000, maxConnectionLifeTimeMS=0, maxConnectionIdleTimeMS=0, maintenanceInitialDelayMS=0, maintenanceFrequencyMS=60000, connectionPoolListeners=[io.micrometer.core.instrument.binder.mongodb.MongoMetricsConnectionPoolListener@31b6fb14], maxConnecting=2}, serverSettings=ServerSettings{heartbeatFrequencyMS=10000, minHeartbeatFrequencyMS=500, serverMonitoringMode=AUTO, serverListeners='[]', serverMonitorListeners='[]'}, sslSettings=SslSettings{enabled=false, invalidHostNameAllowed=false, context=null}, applicationName='null', compressorList=[], uuidRepresentation=JAVA_LEGACY, serverApi=null, autoEncryptionSettings=null, dnsClient=null, inetAddressResolver=null, contextProvider=null, timeoutMS=null}
2025-10-08 11:10:17 INFO  [cluster-ClusterId{value='68e5f9416e5238a78001bbf6', description='null'}-localhost:27018] org.mongodb.driver.cluster - Monitor thread successfully connected to server with description ServerDescription{address=localhost:27018, type=STANDALONE, cryptd=false, state=CONNECTED, ok=true, minWireVersion=0, maxWireVersion=21, maxDocumentSize=16777216, logicalSessionTimeoutMinutes=30, roundTripTimeNanos=28069700, minRoundTripTimeNanos=0}
2025-10-08 11:10:18 INFO  [main] o.s.v.b.OptionalValidatorFactoryBean - Failed to set up a Bean Validation provider: jakarta.validation.NoProviderFoundException: Unable to create a Configuration, because no Jakarta Bean Validation provider could be found. Add a provider like Hibernate Validator (RI) to your classpath.
2025-10-08 11:10:19 INFO  [main] o.s.c.n.e.c.DiscoveryClientOptionalArgsConfiguration - Eureka HTTP Client uses RestTemplate.
2025-10-08 11:10:19 WARN  [main] o.s.c.l.c.LoadBalancerCacheAutoConfiguration$LoadBalancerCaffeineWarnLogger - Spring Cloud LoadBalancer is currently working with the default cache. While this cache implementation is useful for development and tests, it's recommended to use Caffeine cache in production.You can switch to using Caffeine cache, by adding it and org.springframework.cache.caffeine.CaffeineCacheManager to the classpath.
2025-10-08 11:10:19 INFO  [main] o.s.b.a.e.web.EndpointLinksResolver - Exposing 18 endpoints beneath base path '/actuator'
2025-10-08 11:10:19 INFO  [main] o.s.c.n.eureka.InstanceInfoFactory - Setting initial instance status as: STARTING
2025-10-08 11:10:19 INFO  [main] c.netflix.discovery.DiscoveryClient - Initializing Eureka in region us-east-1
2025-10-08 11:10:19 INFO  [main] c.n.d.s.r.aws.ConfigClusterResolver - Resolving eureka endpoints via configuration
2025-10-08 11:10:19 INFO  [main] c.netflix.discovery.DiscoveryClient - Disable delta property : false
2025-10-08 11:10:19 INFO  [main] c.netflix.discovery.DiscoveryClient - Single vip registry refresh property : null
2025-10-08 11:10:19 INFO  [main] c.netflix.discovery.DiscoveryClient - Force full registry fetch : false
2025-10-08 11:10:19 INFO  [main] c.netflix.discovery.DiscoveryClient - Application is null : false
2025-10-08 11:10:19 INFO  [main] c.netflix.discovery.DiscoveryClient - Registered Applications size is zero : true
2025-10-08 11:10:19 INFO  [main] c.netflix.discovery.DiscoveryClient - Application version is -1: true
2025-10-08 11:10:19 INFO  [main] c.netflix.discovery.DiscoveryClient - Getting all instance registry info from the eureka server
2025-10-08 11:10:19 INFO  [main] c.netflix.discovery.DiscoveryClient - The response status is 200
2025-10-08 11:10:19 INFO  [main] c.netflix.discovery.DiscoveryClient - Starting heartbeat executor: renew interval is: 30
2025-10-08 11:10:19 INFO  [main] c.n.discovery.InstanceInfoReplicator - InstanceInfoReplicator onDemand update allowed rate per min is 4
2025-10-08 11:10:19 INFO  [main] c.netflix.discovery.DiscoveryClient - Discovery Client initialized at timestamp 1759902019785 with initial instances count: 5
2025-10-08 11:10:19 INFO  [main] o.s.c.n.e.s.EurekaServiceRegistry - Registering application REWARD-SERVICE with eureka with status UP
2025-10-08 11:10:19 INFO  [main] c.netflix.discovery.DiscoveryClient - Saw local status change event StatusChangeEvent [timestamp=1759902019791, current=UP, previous=STARTING]
2025-10-08 11:10:19 INFO  [DiscoveryClient-InstanceInfoReplicator-%d] c.netflix.discovery.DiscoveryClient - DiscoveryClient_REWARD-SERVICE/reward-service:8083: registering service...
2025-10-08 11:10:19 INFO  [main] o.s.b.w.e.tomcat.TomcatWebServer - Tomcat started on port 8083 (http) with context path '/'
2025-10-08 11:10:19 INFO  [main] o.s.c.n.e.s.EurekaAutoServiceRegistration - Updating port to 8083
2025-10-08 11:10:19 INFO  [main] c.c.r.RewardServiceApplication - Started RewardServiceApplication in 6.298 seconds (process running for 6.974)
2025-10-08 11:10:19 INFO  [DiscoveryClient-InstanceInfoReplicator-%d] c.netflix.discovery.DiscoveryClient - DiscoveryClient_REWARD-SERVICE/reward-service:8083 - registration status: 204
2025-10-08 11:10:27 INFO  [http-nio-8083-exec-1] o.a.c.c.C.[Tomcat].[localhost].[/] - Initializing Spring DispatcherServlet 'dispatcherServlet'
2025-10-08 11:10:27 INFO  [http-nio-8083-exec-1] o.s.web.servlet.DispatcherServlet - Initializing Servlet 'dispatcherServlet'
2025-10-08 11:10:27 INFO  [http-nio-8083-exec-1] o.s.web.servlet.DispatcherServlet - Completed initialization in 1 ms
2025-10-08 11:14:00 INFO  [http-nio-8083-exec-6] c.c.r.service.RewardService - Fetching all rewards
2025-10-08 11:14:00 INFO  [http-nio-8083-exec-6] c.c.r.service.RewardService - Total rewards fetched: 2
2025-10-08 11:14:02 INFO  [http-nio-8083-exec-7] c.c.r.service.RewardService - Fetching all rewards
2025-10-08 11:14:02 INFO  [http-nio-8083-exec-7] c.c.r.service.RewardService - Total rewards fetched: 2
2025-10-08 11:14:06 INFO  [http-nio-8083-exec-8] c.c.r.service.RewardService - Fetching rewards for userId: cd824ea1-5f82-460a-89f8-c3511ce0d4a5
2025-10-08 11:14:06 INFO  [http-nio-8083-exec-8] c.c.r.service.RewardService - Total rewards fetched for userId cd824ea1-5f82-460a-89f8-c3511ce0d4a5: 0
2025-10-08 11:14:10 INFO  [http-nio-8083-exec-9] c.c.r.service.RewardService - Fetching rewards for userId: cd824ea1-5f82-460a-89f8-c3511ce0d4a5m
2025-10-08 11:14:10 INFO  [http-nio-8083-exec-9] c.c.r.service.RewardService - Total rewards fetched for userId cd824ea1-5f82-460a-89f8-c3511ce0d4a5m: 0
2025-10-08 11:14:16 INFO  [http-nio-8083-exec-1] c.c.r.service.RewardService - Redeeming reward with id: 68dd003ef29685f98d850236
2025-10-08 11:14:16 WARN  [http-nio-8083-exec-1] c.c.r.service.RewardService - Reward with id: 68dd003ef29685f98d850236 not found
2025-10-08 11:14:19 INFO  [http-nio-8083-exec-2] c.c.r.service.RewardService - Redeeming reward with id: 68dd003ef29685f98d850236
2025-10-08 11:14:19 WARN  [http-nio-8083-exec-2] c.c.r.service.RewardService - Reward with id: 68dd003ef29685f98d850236 not found
2025-10-08 11:15:19 INFO  [AsyncResolver-bootstrap-executor-%d] c.n.d.s.r.aws.ConfigClusterResolver - Resolving eureka endpoints via configuration
2025-10-08 11:15:27 INFO  [http-nio-8083-exec-10] c.c.r.service.RewardService - Adding reward for userId: 67fa7c95-7518-47a4-817d-76645c610838
2025-10-08 11:15:28 INFO  [http-nio-8083-exec-10] c.c.r.service.RewardService - Reward created with id: 68e5fa786e5238a78001bbf7 for userId: 67fa7c95-7518-47a4-817d-76645c610838
2025-10-08 11:17:19 INFO  [http-nio-8083-exec-3] c.c.r.service.RewardService - Adding reward for userId: 67fa7c95-7518-47a4-817d-76645c610838
2025-10-08 11:17:19 INFO  [http-nio-8083-exec-3] c.c.r.service.RewardService - Reward created with id: 68e5fae76e5238a78001bbf8 for userId: 67fa7c95-7518-47a4-817d-76645c610838
2025-10-08 11:18:15 INFO  [SpringApplicationShutdownHook] o.s.c.n.e.s.EurekaServiceRegistry - Unregistering application REWARD-SERVICE with eureka with status DOWN
2025-10-08 11:18:15 INFO  [SpringApplicationShutdownHook] c.netflix.discovery.DiscoveryClient - Saw local status change event StatusChangeEvent [timestamp=1759902495306, current=DOWN, previous=UP]
2025-10-08 11:18:15 INFO  [DiscoveryClient-InstanceInfoReplicator-%d] c.netflix.discovery.DiscoveryClient - DiscoveryClient_REWARD-SERVICE/reward-service:8083: registering service...
2025-10-08 11:18:15 INFO  [SpringApplicationShutdownHook] o.s.b.w.e.tomcat.GracefulShutdown - Commencing graceful shutdown. Waiting for active requests to complete
2025-10-08 11:18:15 INFO  [tomcat-shutdown] o.s.b.w.e.tomcat.GracefulShutdown - Graceful shutdown complete
2025-10-08 11:18:15 INFO  [DiscoveryClient-InstanceInfoReplicator-%d] c.netflix.discovery.DiscoveryClient - DiscoveryClient_REWARD-SERVICE/reward-service:8083 - registration status: 204
2025-10-08 11:18:15 INFO  [SpringApplicationShutdownHook] c.netflix.discovery.DiscoveryClient - Shutting down DiscoveryClient ...
2025-10-08 11:18:18 INFO  [SpringApplicationShutdownHook] c.netflix.discovery.DiscoveryClient - Unregistering ...
2025-10-08 11:18:18 INFO  [SpringApplicationShutdownHook] c.netflix.discovery.DiscoveryClient - DiscoveryClient_REWARD-SERVICE/reward-service:8083 - deregister  status: 200
2025-10-08 11:18:18 INFO  [SpringApplicationShutdownHook] c.netflix.discovery.DiscoveryClient - Completed shut down of DiscoveryClient
2025-10-08 11:18:23 INFO  [main] c.c.r.RewardServiceApplication - Starting RewardServiceApplication using Java 21.0.6 with PID 35124 (C:\Users\jatha\Projects\CosmaCare\reward-service\target\classes started by jatha in C:\Users\jatha\Projects\CosmaCare\reward-service)
2025-10-08 11:18:23 DEBUG [main] c.c.r.RewardServiceApplication - Running with Spring Boot v3.5.6, Spring v6.2.11
2025-10-08 11:18:23 INFO  [main] c.c.r.RewardServiceApplication - No active profile set, falling back to 1 default profile: "default"
2025-10-08 11:18:25 INFO  [main] o.s.d.r.c.RepositoryConfigurationDelegate - Bootstrapping Spring Data MongoDB repositories in DEFAULT mode.
2025-10-08 11:18:25 INFO  [main] o.s.d.r.c.RepositoryConfigurationDelegate - Finished Spring Data repository scanning in 187 ms. Found 1 MongoDB repository interface.
2025-10-08 11:18:26 INFO  [main] o.s.cloud.context.scope.GenericScope - BeanFactory id=3f777bbc-ee08-36b3-b5f8-25a2720106c2
2025-10-08 11:18:27 INFO  [main] o.s.b.w.e.tomcat.TomcatWebServer - Tomcat initialized with port 8083 (http)
2025-10-08 11:18:27 INFO  [main] o.a.catalina.core.StandardService - Starting service [Tomcat]
2025-10-08 11:18:27 INFO  [main] o.a.catalina.core.StandardEngine - Starting Servlet engine: [Apache Tomcat/10.1.46]
2025-10-08 11:18:27 INFO  [main] o.a.c.c.C.[Tomcat].[localhost].[/] - Initializing Spring embedded WebApplicationContext
2025-10-08 11:18:27 INFO  [main] o.s.b.w.s.c.ServletWebServerApplicationContext - Root WebApplicationContext: initialization completed in 3310 ms
2025-10-08 11:18:28 INFO  [main] org.mongodb.driver.client - MongoClient with metadata {"driver": {"name": "mongo-java-driver|sync|spring-boot", "version": "5.5.1"}, "os": {"type": "Windows", "name": "Windows 11", "architecture": "amd64", "version": "10.0"}, "platform": "Java/Oracle Corporation/21.0.6+8-LTS-188"} created with settings MongoClientSettings{readPreference=primary, writeConcern=WriteConcern{w=null, wTimeout=null ms, journal=null}, retryWrites=true, retryReads=true, readConcern=ReadConcern{level=null}, credential=MongoCredential{mechanism=null, userName='rewardadmin', source='admin', password=<hidden>, mechanismProperties=<hidden>}, transportSettings=null, commandListeners=[io.micrometer.core.instrument.binder.mongodb.MongoMetricsCommandListener@131c0b6f], codecRegistry=ProvidersCodecRegistry{codecProviders=[ValueCodecProvider{}, BsonValueCodecProvider{}, DBRefCodecProvider{}, DBObjectCodecProvider{}, DocumentCodecProvider{}, CollectionCodecProvider{}, IterableCodecProvider{}, MapCodecProvider{}, GeoJsonCodecProvider{}, GridFSFileCodecProvider{}, Jsr310CodecProvider{}, JsonObjectCodecProvider{}, BsonCodecProvider{}, EnumCodecProvider{}, com.mongodb.client.model.mql.ExpressionCodecProvider@7f030c72, com.mongodb.Jep395RecordCodecProvider@68d8ae27, com.mongodb.KotlinCodecProvider@18513c23]}, loggerSettings=LoggerSettings{maxDocumentLength=1000}, clusterSettings={hosts=[localhost:27018], srvServiceName=mongodb, mode=SINGLE, requiredClusterType=UNKNOWN, requiredReplicaSetName='null', serverSelector='null', clusterListeners='[]', serverSelectionTimeout='30000 ms', localThreshold='15 ms'}, socketSettings=SocketSettings{connectTimeoutMS=10000, readTimeoutMS=0, receiveBufferSize=0, proxySettings=ProxySettings{host=null, port=null, username=null, password=null}}, heartbeatSocketSettings=SocketSettings{connectTimeoutMS=10000, readTimeoutMS=10000, receiveBufferSize=0, proxySettings=ProxySettings{host=null, port=null, username=null, password=null}}, connectionPoolSettings=ConnectionPoolSettings{maxSize=100, minSize=0, maxWaitTimeMS=120000, maxConnectionLifeTimeMS=0, maxConnectionIdleTimeMS=0, maintenanceInitialDelayMS=0, maintenanceFrequencyMS=60000, connectionPoolListeners=[io.micrometer.core.instrument.binder.mongodb.MongoMetricsConnectionPoolListener@6be50b35], maxConnecting=2}, serverSettings=ServerSettings{heartbeatFrequencyMS=10000, minHeartbeatFrequencyMS=500, serverMonitoringMode=AUTO, serverListeners='[]', serverMonitorListeners='[]'}, sslSettings=SslSettings{enabled=false, invalidHostNameAllowed=false, context=null}, applicationName='null', compressorList=[], uuidRepresentation=JAVA_LEGACY, serverApi=null, autoEncryptionSettings=null, dnsClient=null, inetAddressResolver=null, contextProvider=null, timeoutMS=null}
2025-10-08 11:18:28 INFO  [cluster-ClusterId{value='68e5fb2b258f0650e155ee70', description='null'}-localhost:27018] org.mongodb.driver.cluster - Monitor thread successfully connected to server with description ServerDescription{address=localhost:27018, type=STANDALONE, cryptd=false, state=CONNECTED, ok=true, minWireVersion=0, maxWireVersion=21, maxDocumentSize=16777216, logicalSessionTimeoutMinutes=30, roundTripTimeNanos=42293800, minRoundTripTimeNanos=0}
2025-10-08 11:18:28 WARN  [main] o.s.b.w.s.c.AnnotationConfigServletWebServerApplicationContext - Exception encountered during context initialization - cancelling refresh attempt: org.springframework.beans.factory.BeanCreationException: Error creating bean with name 'timedAspect' defined in class path resource [com/cosmacare/reward_service/config/MeterRegistryConfig.class]: Failed to instantiate [io.micrometer.core.aop.TimedAspect]: Factory method 'timedAspect' threw exception with message: org/aspectj/lang/NoAspectBoundException
2025-10-08 11:18:28 INFO  [main] o.a.catalina.core.StandardService - Stopping service [Tomcat]
2025-10-08 11:18:28 INFO  [main] o.s.b.a.l.ConditionEvaluationReportLogger - 

Error starting ApplicationContext. To display the condition evaluation report re-run your application with 'debug' enabled.
2025-10-08 11:18:28 ERROR [main] o.s.boot.SpringApplication - Application run failed
org.springframework.beans.factory.BeanCreationException: Error creating bean with name 'timedAspect' defined in class path resource [com/cosmacare/reward_service/config/MeterRegistryConfig.class]: Failed to instantiate [io.micrometer.core.aop.TimedAspect]: Factory method 'timedAspect' threw exception with message: org/aspectj/lang/NoAspectBoundException
	at org.springframework.beans.factory.support.ConstructorResolver.instantiate(ConstructorResolver.java:657)
	at org.springframework.beans.factory.support.ConstructorResolver.instantiateUsingFactoryMethod(ConstructorResolver.java:645)
	at org.springframework.beans.factory.support.AbstractAutowireCapableBeanFactory.instantiateUsingFactoryMethod(AbstractAutowireCapableBeanFactory.java:1375)
	at org.springframework.beans.factory.support.AbstractAutowireCapableBeanFactory.createBeanInstance(AbstractAutowireCapableBeanFactory.java:1205)
	at org.springframework.beans.factory.support.AbstractAutowireCapableBeanFactory.doCreateBean(AbstractAutowireCapableBeanFactory.java:569)
	at org.springframework.beans.factory.support.AbstractAutowireCapableBeanFactory.createBean(AbstractAutowireCapableBeanFactory.java:529)
	at org.springframework.beans.factory.support.AbstractBeanFactory.lambda$doGetBean$0(AbstractBeanFactory.java:339)
	at org.springframework.beans.factory.support.DefaultSingletonBeanRegistry.getSingleton(DefaultSingletonBeanRegistry.java:373)
	at org.springframework.beans.factory.support.AbstractBeanFactory.doGetBean(AbstractBeanFactory.java:337)
	at org.springframework.beans.factory.support.AbstractBeanFactory.getBean(AbstractBeanFactory.java:202)
	at org.springframework.beans.factory.support.DefaultListableBeanFactory.instantiateSingleton(DefaultListableBeanFactory.java:1221)
	at org.springframework.beans.factory.support.DefaultListableBeanFactory.preInstantiateSingleton(DefaultListableBeanFactory.java:1187)
	at org.springframework.beans.factory.support.DefaultListableBeanFactory.preInstantiateSingletons(DefaultListableBeanFactory.java:1123)
	at org.springframework.context.support.AbstractApplicationContext.finishBeanFactoryInitialization(AbstractApplicationContext.java:987)
	at org.springframework.context.support.AbstractApplicationContext.refresh(AbstractApplicationContext.java:627)
	at org.springframework.boot.web.servlet.context.ServletWebServerApplicationContext.refresh(ServletWebServerApplicationContext.java:146)
	at org.springframework.boot.SpringApplication.refresh(SpringApplication.java:752)
	at org.springframework.boot.SpringApplication.refreshContext(SpringApplication.java:439)
	at org.springframework.boot.SpringApplication.run(SpringApplication.java:318)
	at org.springframework.boot.SpringApplication.run(SpringApplication.java:1361)
	at org.springframework.boot.SpringApplication.run(SpringApplication.java:1350)
	at com.cosmacare.reward_service.RewardServiceApplication.main(RewardServiceApplication.java:12)
Caused by: org.springframework.beans.BeanInstantiationException: Failed to instantiate [io.micrometer.core.aop.TimedAspect]: Factory method 'timedAspect' threw exception with message: org/aspectj/lang/NoAspectBoundException
	at org.springframework.beans.factory.support.SimpleInstantiationStrategy.lambda$instantiate$0(SimpleInstantiationStrategy.java:200)
	at org.springframework.beans.factory.support.SimpleInstantiationStrategy.instantiateWithFactoryMethod(SimpleInstantiationStrategy.java:89)
	at org.springframework.beans.factory.support.SimpleInstantiationStrategy.instantiate(SimpleInstantiationStrategy.java:169)
	at org.springframework.beans.factory.support.ConstructorResolver.instantiate(ConstructorResolver.java:653)
	... 21 common frames omitted
Caused by: java.lang.NoClassDefFoundError: org/aspectj/lang/NoAspectBoundException
	at com.cosmacare.reward_service.config.MeterRegistryConfig.timedAspect(MeterRegistryConfig.java:14)
	at com.cosmacare.reward_service.config.MeterRegistryConfig$$SpringCGLIB$$0.CGLIB$timedAspect$1(<generated>)
	at com.cosmacare.reward_service.config.MeterRegistryConfig$$SpringCGLIB$$FastClass$$1.invoke(<generated>)
	at org.springframework.cglib.proxy.MethodProxy.invokeSuper(MethodProxy.java:258)
	at org.springframework.context.annotation.ConfigurationClassEnhancer$BeanMethodInterceptor.intercept(ConfigurationClassEnhancer.java:400)
	at com.cosmacare.reward_service.config.MeterRegistryConfig$$SpringCGLIB$$0.timedAspect(<generated>)
	at java.base/jdk.internal.reflect.DirectMethodHandleAccessor.invoke(DirectMethodHandleAccessor.java:103)
	at java.base/java.lang.reflect.Method.invoke(Method.java:580)
	at org.springframework.beans.factory.support.SimpleInstantiationStrategy.lambda$instantiate$0(SimpleInstantiationStrategy.java:172)
	... 24 common frames omitted
Caused by: java.lang.ClassNotFoundException: org.aspectj.lang.NoAspectBoundException
	at java.base/jdk.internal.loader.BuiltinClassLoader.loadClass(BuiltinClassLoader.java:641)
	at java.base/jdk.internal.loader.ClassLoaders$AppClassLoader.loadClass(ClassLoaders.java:188)
	at java.base/java.lang.ClassLoader.loadClass(ClassLoader.java:526)
	... 33 common frames omitted
2025-10-08 11:20:57 INFO  [main] c.c.r.RewardServiceApplication - Starting RewardServiceApplication using Java 21.0.6 with PID 38304 (C:\Users\jatha\Projects\CosmaCare\reward-service\target\classes started by jatha in C:\Users\jatha\Projects\CosmaCare\reward-service)
2025-10-08 11:20:57 DEBUG [main] c.c.r.RewardServiceApplication - Running with Spring Boot v3.5.6, Spring v6.2.11
2025-10-08 11:20:57 INFO  [main] c.c.r.RewardServiceApplication - No active profile set, falling back to 1 default profile: "default"
2025-10-08 11:20:58 INFO  [main] o.s.d.r.c.RepositoryConfigurationDelegate - Bootstrapping Spring Data MongoDB repositories in DEFAULT mode.
2025-10-08 11:20:59 INFO  [main] o.s.d.r.c.RepositoryConfigurationDelegate - Finished Spring Data repository scanning in 191 ms. Found 1 MongoDB repository interface.
2025-10-08 11:20:59 INFO  [main] o.s.cloud.context.scope.GenericScope - BeanFactory id=cbf093b1-d766-3b63-9822-f2a3e8cadfaf
2025-10-08 11:21:00 INFO  [main] o.s.b.w.e.tomcat.TomcatWebServer - Tomcat initialized with port 8083 (http)
2025-10-08 11:21:00 INFO  [main] o.a.catalina.core.StandardService - Starting service [Tomcat]
2025-10-08 11:21:00 INFO  [main] o.a.catalina.core.StandardEngine - Starting Servlet engine: [Apache Tomcat/10.1.46]
2025-10-08 11:21:00 INFO  [main] o.a.c.c.C.[Tomcat].[localhost].[/] - Initializing Spring embedded WebApplicationContext
2025-10-08 11:21:00 INFO  [main] o.s.b.w.s.c.ServletWebServerApplicationContext - Root WebApplicationContext: initialization completed in 3708 ms
2025-10-08 11:21:01 INFO  [main] org.mongodb.driver.client - MongoClient with metadata {"driver": {"name": "mongo-java-driver|sync|spring-boot", "version": "5.5.1"}, "os": {"type": "Windows", "name": "Windows 11", "architecture": "amd64", "version": "10.0"}, "platform": "Java/Oracle Corporation/21.0.6+8-LTS-188"} created with settings MongoClientSettings{readPreference=primary, writeConcern=WriteConcern{w=null, wTimeout=null ms, journal=null}, retryWrites=true, retryReads=true, readConcern=ReadConcern{level=null}, credential=MongoCredential{mechanism=null, userName='rewardadmin', source='admin', password=<hidden>, mechanismProperties=<hidden>}, transportSettings=null, commandListeners=[io.micrometer.core.instrument.binder.mongodb.MongoMetricsCommandListener@7f1ad846], codecRegistry=ProvidersCodecRegistry{codecProviders=[ValueCodecProvider{}, BsonValueCodecProvider{}, DBRefCodecProvider{}, DBObjectCodecProvider{}, DocumentCodecProvider{}, CollectionCodecProvider{}, IterableCodecProvider{}, MapCodecProvider{}, GeoJsonCodecProvider{}, GridFSFileCodecProvider{}, Jsr310CodecProvider{}, JsonObjectCodecProvider{}, BsonCodecProvider{}, EnumCodecProvider{}, com.mongodb.client.model.mql.ExpressionCodecProvider@5d5ae6aa, com.mongodb.Jep395RecordCodecProvider@2bc2e022, com.mongodb.KotlinCodecProvider@2210e466]}, loggerSettings=LoggerSettings{maxDocumentLength=1000}, clusterSettings={hosts=[localhost:27018], srvServiceName=mongodb, mode=SINGLE, requiredClusterType=UNKNOWN, requiredReplicaSetName='null', serverSelector='null', clusterListeners='[]', serverSelectionTimeout='30000 ms', localThreshold='15 ms'}, socketSettings=SocketSettings{connectTimeoutMS=10000, readTimeoutMS=0, receiveBufferSize=0, proxySettings=ProxySettings{host=null, port=null, username=null, password=null}}, heartbeatSocketSettings=SocketSettings{connectTimeoutMS=10000, readTimeoutMS=10000, receiveBufferSize=0, proxySettings=ProxySettings{host=null, port=null, username=null, password=null}}, connectionPoolSettings=ConnectionPoolSettings{maxSize=100, minSize=0, maxWaitTimeMS=120000, maxConnectionLifeTimeMS=0, maxConnectionIdleTimeMS=0, maintenanceInitialDelayMS=0, maintenanceFrequencyMS=60000, connectionPoolListeners=[io.micrometer.core.instrument.binder.mongodb.MongoMetricsConnectionPoolListener@be1c08a], maxConnecting=2}, serverSettings=ServerSettings{heartbeatFrequencyMS=10000, minHeartbeatFrequencyMS=500, serverMonitoringMode=AUTO, serverListeners='[]', serverMonitorListeners='[]'}, sslSettings=SslSettings{enabled=false, invalidHostNameAllowed=false, context=null}, applicationName='null', compressorList=[], uuidRepresentation=JAVA_LEGACY, serverApi=null, autoEncryptionSettings=null, dnsClient=null, inetAddressResolver=null, contextProvider=null, timeoutMS=null}
2025-10-08 11:21:01 INFO  [cluster-ClusterId{value='68e5fbc577811b20657eff54', description='null'}-localhost:27018] org.mongodb.driver.cluster - Monitor thread successfully connected to server with description ServerDescription{address=localhost:27018, type=STANDALONE, cryptd=false, state=CONNECTED, ok=true, minWireVersion=0, maxWireVersion=21, maxDocumentSize=16777216, logicalSessionTimeoutMinutes=30, roundTripTimeNanos=36997000, minRoundTripTimeNanos=0}
2025-10-08 11:21:02 INFO  [main] o.s.v.b.OptionalValidatorFactoryBean - Failed to set up a Bean Validation provider: jakarta.validation.NoProviderFoundException: Unable to create a Configuration, because no Jakarta Bean Validation provider could be found. Add a provider like Hibernate Validator (RI) to your classpath.
2025-10-08 11:21:04 INFO  [main] o.s.c.n.e.c.DiscoveryClientOptionalArgsConfiguration - Eureka HTTP Client uses RestTemplate.
2025-10-08 11:21:04 WARN  [main] o.s.c.l.c.LoadBalancerCacheAutoConfiguration$LoadBalancerCaffeineWarnLogger - Spring Cloud LoadBalancer is currently working with the default cache. While this cache implementation is useful for development and tests, it's recommended to use Caffeine cache in production.You can switch to using Caffeine cache, by adding it and org.springframework.cache.caffeine.CaffeineCacheManager to the classpath.
2025-10-08 11:21:04 INFO  [main] o.s.b.a.e.web.EndpointLinksResolver - Exposing 18 endpoints beneath base path '/actuator'
2025-10-08 11:21:04 INFO  [main] o.s.c.n.eureka.InstanceInfoFactory - Setting initial instance status as: STARTING
2025-10-08 11:21:04 INFO  [main] c.netflix.discovery.DiscoveryClient - Initializing Eureka in region us-east-1
2025-10-08 11:21:04 INFO  [main] c.n.d.s.r.aws.ConfigClusterResolver - Resolving eureka endpoints via configuration
2025-10-08 11:21:04 INFO  [main] c.netflix.discovery.DiscoveryClient - Disable delta property : false
2025-10-08 11:21:04 INFO  [main] c.netflix.discovery.DiscoveryClient - Single vip registry refresh property : null
2025-10-08 11:21:04 INFO  [main] c.netflix.discovery.DiscoveryClient - Force full registry fetch : false
2025-10-08 11:21:04 INFO  [main] c.netflix.discovery.DiscoveryClient - Application is null : false
2025-10-08 11:21:04 INFO  [main] c.netflix.discovery.DiscoveryClient - Registered Applications size is zero : true
2025-10-08 11:21:04 INFO  [main] c.netflix.discovery.DiscoveryClient - Application version is -1: true
2025-10-08 11:21:04 INFO  [main] c.netflix.discovery.DiscoveryClient - Getting all instance registry info from the eureka server
2025-10-08 11:21:05 INFO  [main] c.netflix.discovery.DiscoveryClient - The response status is 200
2025-10-08 11:21:05 INFO  [main] c.netflix.discovery.DiscoveryClient - Starting heartbeat executor: renew interval is: 30
2025-10-08 11:21:05 INFO  [main] c.n.discovery.InstanceInfoReplicator - InstanceInfoReplicator onDemand update allowed rate per min is 4
2025-10-08 11:21:05 INFO  [main] c.netflix.discovery.DiscoveryClient - Discovery Client initialized at timestamp 1759902665421 with initial instances count: 5
2025-10-08 11:21:05 INFO  [main] o.s.c.n.e.s.EurekaServiceRegistry - Registering application REWARD-SERVICE with eureka with status UP
2025-10-08 11:21:05 INFO  [main] c.netflix.discovery.DiscoveryClient - Saw local status change event StatusChangeEvent [timestamp=1759902665434, current=UP, previous=STARTING]
2025-10-08 11:21:05 INFO  [DiscoveryClient-InstanceInfoReplicator-%d] c.netflix.discovery.DiscoveryClient - DiscoveryClient_REWARD-SERVICE/reward-service:8083: registering service...
2025-10-08 11:21:05 INFO  [main] o.s.b.w.e.tomcat.TomcatWebServer - Tomcat started on port 8083 (http) with context path '/'
2025-10-08 11:21:05 INFO  [main] o.s.c.n.e.s.EurekaAutoServiceRegistration - Updating port to 8083
2025-10-08 11:21:05 INFO  [main] c.c.r.RewardServiceApplication - Started RewardServiceApplication in 9.345 seconds (process running for 10.183)
2025-10-08 11:21:05 INFO  [DiscoveryClient-InstanceInfoReplicator-%d] c.netflix.discovery.DiscoveryClient - DiscoveryClient_REWARD-SERVICE/reward-service:8083 - registration status: 204
2025-10-08 11:21:12 INFO  [http-nio-8083-exec-1] o.a.c.c.C.[Tomcat].[localhost].[/] - Initializing Spring DispatcherServlet 'dispatcherServlet'
2025-10-08 11:21:12 INFO  [http-nio-8083-exec-1] o.s.web.servlet.DispatcherServlet - Initializing Servlet 'dispatcherServlet'
2025-10-08 11:21:12 INFO  [http-nio-8083-exec-1] o.s.web.servlet.DispatcherServlet - Completed initialization in 1 ms
2025-10-08 11:24:02 INFO  [http-nio-8083-exec-1] c.c.r.service.RewardService - Fetching all rewards
2025-10-08 11:24:02 INFO  [http-nio-8083-exec-1] c.c.r.service.RewardService - Total rewards fetched: 4
2025-10-08 11:24:05 INFO  [http-nio-8083-exec-2] c.c.r.service.RewardService - Fetching rewards for userId: cd824ea1-5f82-460a-89f8-c3511ce0d4a5
2025-10-08 11:24:05 INFO  [http-nio-8083-exec-2] c.c.r.service.RewardService - Total rewards fetched for userId cd824ea1-5f82-460a-89f8-c3511ce0d4a5: 0
2025-10-08 11:24:19 INFO  [http-nio-8083-exec-4] c.c.r.service.RewardService - Fetching rewards for userId: 755043a5-32e9-4cf0-a3f4-63a5a42a1c05
2025-10-08 11:24:19 INFO  [http-nio-8083-exec-4] c.c.r.service.RewardService - Total rewards fetched for userId 755043a5-32e9-4cf0-a3f4-63a5a42a1c05: 2
2025-10-08 11:24:22 INFO  [http-nio-8083-exec-5] c.c.r.service.RewardService - Fetching rewards for userId: 755043a5-32e9-4cf0-a3f4-63a5a42a1c05
2025-10-08 11:24:22 INFO  [http-nio-8083-exec-5] c.c.r.service.RewardService - Total rewards fetched for userId 755043a5-32e9-4cf0-a3f4-63a5a42a1c05: 2
2025-10-08 11:25:13 INFO  [http-nio-8083-exec-3] c.c.r.service.RewardService - Redeeming reward with id: 68dd003ef29685f98d850236
2025-10-08 11:25:13 WARN  [http-nio-8083-exec-3] c.c.r.service.RewardService - Reward with id: 68dd003ef29685f98d850236 not found
2025-10-08 11:25:19 INFO  [http-nio-8083-exec-4] c.c.r.service.RewardService - Redeeming reward with id: 755043a5-32e9-4cf0-a3f4-63a5a42a1c05
2025-10-08 11:25:19 WARN  [http-nio-8083-exec-4] c.c.r.service.RewardService - Reward with id: 755043a5-32e9-4cf0-a3f4-63a5a42a1c05 not found
2025-10-08 11:25:37 INFO  [http-nio-8083-exec-8] c.c.r.service.RewardService - Fetching rewards for userId: 755043a5-32e9-4cf0-a3f4-63a5a42a1c05
2025-10-08 11:25:37 INFO  [http-nio-8083-exec-8] c.c.r.service.RewardService - Total rewards fetched for userId 755043a5-32e9-4cf0-a3f4-63a5a42a1c05: 2
2025-10-08 11:25:44 INFO  [http-nio-8083-exec-10] c.c.r.service.RewardService - Redeeming reward with id: 68df922c7afb5ecc70a58c2d
2025-10-08 11:25:44 INFO  [http-nio-8083-exec-10] c.c.r.service.RewardService - Reward with id: 68df922c7afb5ecc70a58c2d redeemed successfully
2025-10-08 11:25:51 INFO  [http-nio-8083-exec-1] c.c.r.service.RewardService - Fetching all rewards
2025-10-08 11:25:51 INFO  [http-nio-8083-exec-1] c.c.r.service.RewardService - Total rewards fetched: 4
2025-10-08 11:26:04 INFO  [AsyncResolver-bootstrap-executor-%d] c.n.d.s.r.aws.ConfigClusterResolver - Resolving eureka endpoints via configuration
2025-10-08 11:27:00 INFO  [http-nio-8083-exec-1] c.c.r.service.RewardService - Redeeming reward with id: 68df922c7afb5ecc70a58c2d
2025-10-08 11:27:00 INFO  [http-nio-8083-exec-1] c.c.r.service.RewardService - Reward with id: 68df922c7afb5ecc70a58c2d redeemed successfully
2025-10-08 11:31:04 INFO  [AsyncResolver-bootstrap-executor-%d] c.n.d.s.r.aws.ConfigClusterResolver - Resolving eureka endpoints via configuration
2025-10-08 11:36:04 INFO  [AsyncResolver-bootstrap-executor-%d] c.n.d.s.r.aws.ConfigClusterResolver - Resolving eureka endpoints via configuration
2025-10-08 11:41:04 INFO  [AsyncResolver-bootstrap-executor-%d] c.n.d.s.r.aws.ConfigClusterResolver - Resolving eureka endpoints via configuration
2025-10-08 11:46:04 INFO  [AsyncResolver-bootstrap-executor-%d] c.n.d.s.r.aws.ConfigClusterResolver - Resolving eureka endpoints via configuration
2025-10-08 11:51:04 INFO  [AsyncResolver-bootstrap-executor-%d] c.n.d.s.r.aws.ConfigClusterResolver - Resolving eureka endpoints via configuration
2025-10-08 11:56:04 INFO  [AsyncResolver-bootstrap-executor-%d] c.n.d.s.r.aws.ConfigClusterResolver - Resolving eureka endpoints via configuration
2025-10-08 12:01:04 INFO  [AsyncResolver-bootstrap-executor-%d] c.n.d.s.r.aws.ConfigClusterResolver - Resolving eureka endpoints via configuration
2025-10-08 12:06:04 INFO  [AsyncResolver-bootstrap-executor-%d] c.n.d.s.r.aws.ConfigClusterResolver - Resolving eureka endpoints via configuration
2025-10-08 12:11:04 INFO  [AsyncResolver-bootstrap-executor-%d] c.n.d.s.r.aws.ConfigClusterResolver - Resolving eureka endpoints via configuration
2025-10-08 12:16:04 INFO  [AsyncResolver-bootstrap-executor-%d] c.n.d.s.r.aws.ConfigClusterResolver - Resolving eureka endpoints via configuration
2025-10-08 12:21:04 INFO  [AsyncResolver-bootstrap-executor-%d] c.n.d.s.r.aws.ConfigClusterResolver - Resolving eureka endpoints via configuration
2025-10-08 12:26:04 INFO  [AsyncResolver-bootstrap-executor-%d] c.n.d.s.r.aws.ConfigClusterResolver - Resolving eureka endpoints via configuration
2025-10-08 12:31:04 INFO  [AsyncResolver-bootstrap-executor-%d] c.n.d.s.r.aws.ConfigClusterResolver - Resolving eureka endpoints via configuration
2025-10-08 12:36:04 INFO  [AsyncResolver-bootstrap-executor-%d] c.n.d.s.r.aws.ConfigClusterResolver - Resolving eureka endpoints via configuration
2025-10-08 12:41:04 INFO  [AsyncResolver-bootstrap-executor-%d] c.n.d.s.r.aws.ConfigClusterResolver - Resolving eureka endpoints via configuration
2025-10-08 12:46:04 INFO  [AsyncResolver-bootstrap-executor-%d] c.n.d.s.r.aws.ConfigClusterResolver - Resolving eureka endpoints via configuration
2025-10-08 12:51:04 INFO  [AsyncResolver-bootstrap-executor-%d] c.n.d.s.r.aws.ConfigClusterResolver - Resolving eureka endpoints via configuration
2025-10-08 12:56:04 INFO  [AsyncResolver-bootstrap-executor-%d] c.n.d.s.r.aws.ConfigClusterResolver - Resolving eureka endpoints via configuration
2025-10-08 13:01:04 INFO  [AsyncResolver-bootstrap-executor-%d] c.n.d.s.r.aws.ConfigClusterResolver - Resolving eureka endpoints via configuration
2025-10-08 13:35:33 INFO  [AsyncResolver-bootstrap-executor-%d] c.n.d.s.r.aws.ConfigClusterResolver - Resolving eureka endpoints via configuration
